<?xml version="1.0" encoding="UTF-8"?>
<!-- Generated by org.testng.reporters.JUnitXMLReporter -->
<testsuite ignored="8" hostname="DESKTOP-LJM4THQ" failures="0" tests="10" name="Test" time="167.156" errors="0" timestamp="2024-04-04T11:21:14 NPT">
  <testcase classname="testcases.Login" name="Invalidlogin" time="2.363"/>
  <testcase classname="testcases.Login" name="Login" time="8.133"/>
  <testcase classname="testcases.Login" name="alerttour" time="0.157"/>
  <testcase classname="testcases.Brand" name="brandadd" time="22.827"/>
  <testcase classname="testcases.Brand" name="brandsearch" time="6.459"/>
  <testcase classname="testcases.Category" name="categoryadd" time="31.555"/>
  <testcase classname="testcases.Category" name="categorysearch" time="6.423"/>
  <testcase classname="testcases.Unit" name="unitadd" time="31.726"/>
  <testcase classname="testcases.Unit" name="unitsearch" time="6.395"/>
  <testcase classname="testcases.AddProducts" name="addProduct" time="39.339"/>
  <testcase classname="extentreports.ExtentTestManager" name="@AfterSuite closereport" time="0.0">
    <ignored/>
  </testcase> <!-- @AfterSuite closereport -->
  <testcase classname="extentreports.ExtentTestManager" name="@AfterSuite closereport" time="0.0">
    <ignored/>
  </testcase> <!-- @AfterSuite closereport -->
  <testcase classname="extentreports.ExtentTestManager" name="@AfterSuite closereport" time="0.0">
    <ignored/>
  </testcase> <!-- @AfterSuite closereport -->
  <testcase classname="extentreports.ExtentTestManager" name="@AfterSuite closereport" time="0.0">
    <ignored/>
  </testcase> <!-- @AfterSuite closereport -->
  <testcase classname="extentreports.ExtentTestManager" name="@BeforeSuite extendreportgenerate" time="0.0">
    <ignored/>
  </testcase> <!-- @BeforeSuite extendreportgenerate -->
  <testcase classname="extentreports.ExtentTestManager" name="@BeforeSuite extendreportgenerate" time="0.0">
    <ignored/>
  </testcase> <!-- @BeforeSuite extendreportgenerate -->
  <testcase classname="extentreports.ExtentTestManager" name="@BeforeSuite extendreportgenerate" time="0.0">
    <ignored/>
  </testcase> <!-- @BeforeSuite extendreportgenerate -->
  <testcase classname="extentreports.ExtentTestManager" name="@BeforeSuite extendreportgenerate" time="0.0">
    <ignored/>
  </testcase> <!-- @BeforeSuite extendreportgenerate -->
</testsuite> <!-- Test -->
